ERROR 2025-09-13 19:21:52,394 logger_service 187526 124058935621056 Error test: This is a test error
ERROR 2025-09-13 20:04:05,546 log 226771 140018500244928 Internal Server Error: /health/
Traceback (most recent call last):
  File "/home/mateuse/Documents/Bildr/backend/venv/lib/python3.12/site-packages/django/core/handlers/exception.py", line 55, in inner
    response = get_response(request)
               ^^^^^^^^^^^^^^^^^^^^^
  File "/home/mateuse/Documents/Bildr/backend/venv/lib/python3.12/site-packages/django/core/handlers/base.py", line 220, in _get_response
    response = response.render()
               ^^^^^^^^^^^^^^^^^
  File "/home/mateuse/Documents/Bildr/backend/venv/lib/python3.12/site-packages/django/template/response.py", line 114, in render
    self.content = self.rendered_content
                   ^^^^^^^^^^^^^^^^^^^^^
  File "/home/mateuse/Documents/Bildr/backend/venv/lib/python3.12/site-packages/rest_framework/response.py", line 59, in rendered_content
    assert renderer, ".accepted_renderer not set on Response"
           ^^^^^^^^
AssertionError: .accepted_renderer not set on Response
ERROR 2025-09-13 20:04:05,548 log 226771 140018500244928 Internal Server Error: /health/db/
Traceback (most recent call last):
  File "/home/mateuse/Documents/Bildr/backend/venv/lib/python3.12/site-packages/django/core/handlers/exception.py", line 55, in inner
    response = get_response(request)
               ^^^^^^^^^^^^^^^^^^^^^
  File "/home/mateuse/Documents/Bildr/backend/venv/lib/python3.12/site-packages/django/core/handlers/base.py", line 220, in _get_response
    response = response.render()
               ^^^^^^^^^^^^^^^^^
  File "/home/mateuse/Documents/Bildr/backend/venv/lib/python3.12/site-packages/django/template/response.py", line 114, in render
    self.content = self.rendered_content
                   ^^^^^^^^^^^^^^^^^^^^^
  File "/home/mateuse/Documents/Bildr/backend/venv/lib/python3.12/site-packages/rest_framework/response.py", line 59, in rendered_content
    assert renderer, ".accepted_renderer not set on Response"
           ^^^^^^^^
AssertionError: .accepted_renderer not set on Response
